DEBUG - 2026-05-21 19:34:31 --> Session: Class initialized using 'CodeIgniter\Session\Handlers\FileHandler' driver.
DEBUG - 2026-05-21 19:46:30 --> Session: Class initialized using 'CodeIgniter\Session\Handlers\FileHandler' driver.
ERROR - 2026-05-21 19:48:00 --> Duplicate entry '10203040' for key 'PRIMARY'
in SYSTEMPATH\Database\MySQLi\Connection.php on line 300.
 1 SYSTEMPATH\Database\MySQLi\Connection.php(300): mysqli->query('INSERT INTO `usuario` (`dni_usuario`, `Nombre_usuario`, `Apellido_usuario`, `correo`, `contrasena`, `id_carrera`, `fecha_registro`, `estado`) VALUES (\'10203040\', \'Bonni\', \'Benet\', \'boni@mail.com\', \'$2y$10$FbJ81ZtA6ToSnWukIsv.peh1wwcS1KRypUFQl7lnm50EjoDPZf.2y\', 1, \'2026-05-21\', 1)', 0)
 2 SYSTEMPATH\Database\BaseConnection.php(910): CodeIgniter\Database\MySQLi\Connection->execute('INSERT INTO `usuario` (`dni_usuario`, `Nombre_usuario`, `Apellido_usuario`, `correo`, `contrasena`, `id_carrera`, `fecha_registro`, `estado`) VALUES (\'10203040\', \'Bonni\', \'Benet\', \'boni@mail.com\', \'$2y$10$FbJ81ZtA6ToSnWukIsv.peh1wwcS1KRypUFQl7lnm50EjoDPZf.2y\', 1, \'2026-05-21\', 1)')
 3 SYSTEMPATH\Database\BaseConnection.php(827): CodeIgniter\Database\BaseConnection->simpleQuery('INSERT INTO `usuario` (`dni_usuario`, `Nombre_usuario`, `Apellido_usuario`, `correo`, `contrasena`, `id_carrera`, `fecha_registro`, `estado`) VALUES (\'10203040\', \'Bonni\', \'Benet\', \'boni@mail.com\', \'$2y$10$FbJ81ZtA6ToSnWukIsv.peh1wwcS1KRypUFQl7lnm50EjoDPZf.2y\', 1, \'2026-05-21\', 1)')
 4 SYSTEMPATH\Database\BaseBuilder.php(2345): CodeIgniter\Database\BaseConnection->query('INSERT INTO `usuario` (`dni_usuario`, `Nombre_usuario`, `Apellido_usuario`, `correo`, `contrasena`, `id_carrera`, `fecha_registro`, `estado`) VALUES (:dni_usuario:, :Nombre_usuario:, :Apellido_usuario:, :correo:, :contrasena:, :id_carrera:, :fecha_registro:, :estado:)', [...], false)
 5 SYSTEMPATH\Model.php(355): CodeIgniter\Database\BaseBuilder->insert()
 6 SYSTEMPATH\BaseModel.php(899): CodeIgniter\Model->doInsert([...])
 7 SYSTEMPATH\Model.php(668): CodeIgniter\BaseModel->insert([...], true)
 8 APPPATH\Controllers\AuthController.php(156): CodeIgniter\Model->insert([...])
 9 SYSTEMPATH\CodeIgniter.php(951): App\Controllers\AuthController->procesar_registro()
10 SYSTEMPATH\CodeIgniter.php(497): CodeIgniter\CodeIgniter->runController(Object(App\Controllers\AuthController))
11 SYSTEMPATH\CodeIgniter.php(340): CodeIgniter\CodeIgniter->handleRequest(null, Object(Config\Cache), false)
12 SYSTEMPATH\Boot.php(417): CodeIgniter\CodeIgniter->run()
13 SYSTEMPATH\Boot.php(68): CodeIgniter\Boot::runCodeIgniter(Object(CodeIgniter\CodeIgniter))
14 FCPATH\index.php(59): CodeIgniter\Boot::bootWeb(Object(Config\Paths))
DEBUG - 2026-05-21 19:48:00 --> Session: Class initialized using 'CodeIgniter\Session\Handlers\FileHandler' driver.
CRITICAL - 2026-05-21 19:48:01 --> CodeIgniter\Database\Exceptions\DatabaseException: Duplicate entry '10203040' for key 'PRIMARY'
[Method: POST, Route: auth/procesar_registro]
in SYSTEMPATH\Database\BaseConnection.php on line 865.
 1 SYSTEMPATH\Database\BaseBuilder.php(2345): CodeIgniter\Database\BaseConnection->query('INSERT INTO `usuario` (`dni_usuario`, `Nombre_usuario`, `Apellido_usuario`, `correo`, `contrasena`, `id_carrera`, `fecha_registro`, `estado`) VALUES (:dni_usuario:, :Nombre_usuario:, :Apellido_usuario:, :correo:, :contrasena:, :id_carrera:, :fecha_registro:, :estado:)', [...], false)
 2 SYSTEMPATH\Model.php(355): CodeIgniter\Database\BaseBuilder->insert()
 3 SYSTEMPATH\BaseModel.php(899): CodeIgniter\Model->doInsert([...])
 4 SYSTEMPATH\Model.php(668): CodeIgniter\BaseModel->insert([...], true)
 5 APPPATH\Controllers\AuthController.php(156): CodeIgniter\Model->insert([...])
 6 SYSTEMPATH\CodeIgniter.php(951): App\Controllers\AuthController->procesar_registro()
 7 SYSTEMPATH\CodeIgniter.php(497): CodeIgniter\CodeIgniter->runController(Object(App\Controllers\AuthController))
 8 SYSTEMPATH\CodeIgniter.php(340): CodeIgniter\CodeIgniter->handleRequest(null, Object(Config\Cache), false)
 9 SYSTEMPATH\Boot.php(417): CodeIgniter\CodeIgniter->run()
10 SYSTEMPATH\Boot.php(68): CodeIgniter\Boot::runCodeIgniter(Object(CodeIgniter\CodeIgniter))
11 FCPATH\index.php(59): CodeIgniter\Boot::bootWeb(Object(Config\Paths))
CRITICAL - 2026-05-21 19:48:01 --> [Caused by] CodeIgniter\Database\Exceptions\DatabaseException: Duplicate entry '10203040' for key 'PRIMARY'
in SYSTEMPATH\Database\MySQLi\Connection.php on line 310.
 1 SYSTEMPATH\Database\BaseConnection.php(910): CodeIgniter\Database\MySQLi\Connection->execute('INSERT INTO `usuario` (`dni_usuario`, `Nombre_usuario`, `Apellido_usuario`, `correo`, `contrasena`, `id_carrera`, `fecha_registro`, `estado`) VALUES (\'10203040\', \'Bonni\', \'Benet\', \'boni@mail.com\', \'$2y$10$FbJ81ZtA6ToSnWukIsv.peh1wwcS1KRypUFQl7lnm50EjoDPZf.2y\', 1, \'2026-05-21\', 1)')
 2 SYSTEMPATH\Database\BaseConnection.php(827): CodeIgniter\Database\BaseConnection->simpleQuery('INSERT INTO `usuario` (`dni_usuario`, `Nombre_usuario`, `Apellido_usuario`, `correo`, `contrasena`, `id_carrera`, `fecha_registro`, `estado`) VALUES (\'10203040\', \'Bonni\', \'Benet\', \'boni@mail.com\', \'$2y$10$FbJ81ZtA6ToSnWukIsv.peh1wwcS1KRypUFQl7lnm50EjoDPZf.2y\', 1, \'2026-05-21\', 1)')
 3 SYSTEMPATH\Database\BaseBuilder.php(2345): CodeIgniter\Database\BaseConnection->query('INSERT INTO `usuario` (`dni_usuario`, `Nombre_usuario`, `Apellido_usuario`, `correo`, `contrasena`, `id_carrera`, `fecha_registro`, `estado`) VALUES (:dni_usuario:, :Nombre_usuario:, :Apellido_usuario:, :correo:, :contrasena:, :id_carrera:, :fecha_registro:, :estado:)', [...], false)
 4 SYSTEMPATH\Model.php(355): CodeIgniter\Database\BaseBuilder->insert()
 5 SYSTEMPATH\BaseModel.php(899): CodeIgniter\Model->doInsert([...])
 6 SYSTEMPATH\Model.php(668): CodeIgniter\BaseModel->insert([...], true)
 7 APPPATH\Controllers\AuthController.php(156): CodeIgniter\Model->insert([...])
 8 SYSTEMPATH\CodeIgniter.php(951): App\Controllers\AuthController->procesar_registro()
 9 SYSTEMPATH\CodeIgniter.php(497): CodeIgniter\CodeIgniter->runController(Object(App\Controllers\AuthController))
10 SYSTEMPATH\CodeIgniter.php(340): CodeIgniter\CodeIgniter->handleRequest(null, Object(Config\Cache), false)
11 SYSTEMPATH\Boot.php(417): CodeIgniter\CodeIgniter->run()
12 SYSTEMPATH\Boot.php(68): CodeIgniter\Boot::runCodeIgniter(Object(CodeIgniter\CodeIgniter))
13 FCPATH\index.php(59): CodeIgniter\Boot::bootWeb(Object(Config\Paths))
CRITICAL - 2026-05-21 19:48:01 --> [Caused by] mysqli_sql_exception: Duplicate entry '10203040' for key 'PRIMARY'
in SYSTEMPATH\Database\MySQLi\Connection.php on line 300.
 1 SYSTEMPATH\Database\MySQLi\Connection.php(300): mysqli->query('INSERT INTO `usuario` (`dni_usuario`, `Nombre_usuario`, `Apellido_usuario`, `correo`, `contrasena`, `id_carrera`, `fecha_registro`, `estado`) VALUES (\'10203040\', \'Bonni\', \'Benet\', \'boni@mail.com\', \'$2y$10$FbJ81ZtA6ToSnWukIsv.peh1wwcS1KRypUFQl7lnm50EjoDPZf.2y\', 1, \'2026-05-21\', 1)', 0)
 2 SYSTEMPATH\Database\BaseConnection.php(910): CodeIgniter\Database\MySQLi\Connection->execute('INSERT INTO `usuario` (`dni_usuario`, `Nombre_usuario`, `Apellido_usuario`, `correo`, `contrasena`, `id_carrera`, `fecha_registro`, `estado`) VALUES (\'10203040\', \'Bonni\', \'Benet\', \'boni@mail.com\', \'$2y$10$FbJ81ZtA6ToSnWukIsv.peh1wwcS1KRypUFQl7lnm50EjoDPZf.2y\', 1, \'2026-05-21\', 1)')
 3 SYSTEMPATH\Database\BaseConnection.php(827): CodeIgniter\Database\BaseConnection->simpleQuery('INSERT INTO `usuario` (`dni_usuario`, `Nombre_usuario`, `Apellido_usuario`, `correo`, `contrasena`, `id_carrera`, `fecha_registro`, `estado`) VALUES (\'10203040\', \'Bonni\', \'Benet\', \'boni@mail.com\', \'$2y$10$FbJ81ZtA6ToSnWukIsv.peh1wwcS1KRypUFQl7lnm50EjoDPZf.2y\', 1, \'2026-05-21\', 1)')
 4 SYSTEMPATH\Database\BaseBuilder.php(2345): CodeIgniter\Database\BaseConnection->query('INSERT INTO `usuario` (`dni_usuario`, `Nombre_usuario`, `Apellido_usuario`, `correo`, `contrasena`, `id_carrera`, `fecha_registro`, `estado`) VALUES (:dni_usuario:, :Nombre_usuario:, :Apellido_usuario:, :correo:, :contrasena:, :id_carrera:, :fecha_registro:, :estado:)', [...], false)
 5 SYSTEMPATH\Model.php(355): CodeIgniter\Database\BaseBuilder->insert()
 6 SYSTEMPATH\BaseModel.php(899): CodeIgniter\Model->doInsert([...])
 7 SYSTEMPATH\Model.php(668): CodeIgniter\BaseModel->insert([...], true)
 8 APPPATH\Controllers\AuthController.php(156): CodeIgniter\Model->insert([...])
 9 SYSTEMPATH\CodeIgniter.php(951): App\Controllers\AuthController->procesar_registro()
10 SYSTEMPATH\CodeIgniter.php(497): CodeIgniter\CodeIgniter->runController(Object(App\Controllers\AuthController))
11 SYSTEMPATH\CodeIgniter.php(340): CodeIgniter\CodeIgniter->handleRequest(null, Object(Config\Cache), false)
12 SYSTEMPATH\Boot.php(417): CodeIgniter\CodeIgniter->run()
13 SYSTEMPATH\Boot.php(68): CodeIgniter\Boot::runCodeIgniter(Object(CodeIgniter\CodeIgniter))
14 FCPATH\index.php(59): CodeIgniter\Boot::bootWeb(Object(Config\Paths))
DEBUG - 2026-05-21 19:48:47 --> Session: Class initialized using 'CodeIgniter\Session\Handlers\FileHandler' driver.
DEBUG - 2026-05-21 19:49:40 --> Session: Class initialized using 'CodeIgniter\Session\Handlers\FileHandler' driver.
DEBUG - 2026-05-21 19:49:40 --> Session: Class initialized using 'CodeIgniter\Session\Handlers\FileHandler' driver.
ERROR - 2026-05-21 19:50:23 --> Error connecting to the database: mysqli_sql_exception: No se puede establecer una conexión ya que el equipo de destino denegó expresamente dicha conexión in C:\xampp\htdocs\univia\system\Database\MySQLi\Connection.php:201
Stack trace:
#0 C:\xampp\htdocs\univia\system\Database\MySQLi\Connection.php(201): mysqli->real_connect('localhost', 'root', Object(SensitiveParameterValue), 'univia_db', 3306, '', 0)
#1 C:\xampp\htdocs\univia\system\Database\BaseConnection.php(555): CodeIgniter\Database\MySQLi\Connection->connect(false)
#2 C:\xampp\htdocs\univia\system\Database\BaseConnection.php(795): CodeIgniter\Database\BaseConnection->initialize()
#3 C:\xampp\htdocs\univia\system\Database\BaseBuilder.php(1649): CodeIgniter\Database\BaseConnection->query('SELECT 1\nFROM `...', Array, false)
#4 C:\xampp\htdocs\univia\system\Validation\Rules.php(175): CodeIgniter\Database\BaseBuilder->get()
#5 C:\xampp\htdocs\univia\system\Validation\StrictRules\Rules.php(187): CodeIgniter\Validation\Rules->is_unique('bonizzzzzzz@mai...', 'usuario.correo', Array)
#6 C:\xampp\htdocs\univia\system\Validation\Validation.php(345): CodeIgniter\Validation\StrictRules\Rules->is_unique('bonizzzzzzz@mai...', 'usuario.correo', Array, NULL, 'correo')
#7 C:\xampp\htdocs\univia\system\Validation\Validation.php(210): CodeIgniter\Validation\Validation->processRules('correo', 'correo', 'bonizzzzzzz@mai...', Array, Array, 'correo')
#8 C:\xampp\htdocs\univia\system\Controller.php(136): CodeIgniter\Validation\Validation->run()
#9 C:\xampp\htdocs\univia\app\Controllers\AuthController.php(137): CodeIgniter\Controller->validate(Array)
#10 C:\xampp\htdocs\univia\system\CodeIgniter.php(951): App\Controllers\AuthController->procesar_registro()
#11 C:\xampp\htdocs\univia\system\CodeIgniter.php(497): CodeIgniter\CodeIgniter->runController(Object(App\Controllers\AuthController))
#12 C:\xampp\htdocs\univia\system\CodeIgniter.php(340): CodeIgniter\CodeIgniter->handleRequest(NULL, Object(Config\Cache), false)
#13 C:\xampp\htdocs\univia\system\Boot.php(417): CodeIgniter\CodeIgniter->run()
#14 C:\xampp\htdocs\univia\system\Boot.php(68): CodeIgniter\Boot::runCodeIgniter(Object(CodeIgniter\CodeIgniter))
#15 C:\xampp\htdocs\univia\index.php(59): CodeIgniter\Boot::bootWeb(Object(Config\Paths))
#16 {main}

Next CodeIgniter\Database\Exceptions\DatabaseException: No se puede establecer una conexión ya que el equipo de destino denegó expresamente dicha conexión in C:\xampp\htdocs\univia\system\Database\MySQLi\Connection.php:231
Stack trace:
#0 C:\xampp\htdocs\univia\system\Database\BaseConnection.php(555): CodeIgniter\Database\MySQLi\Connection->connect(false)
#1 C:\xampp\htdocs\univia\system\Database\BaseConnection.php(795): CodeIgniter\Database\BaseConnection->initialize()
#2 C:\xampp\htdocs\univia\system\Database\BaseBuilder.php(1649): CodeIgniter\Database\BaseConnection->query('SELECT 1\nFROM `...', Array, false)
#3 C:\xampp\htdocs\univia\system\Validation\Rules.php(175): CodeIgniter\Database\BaseBuilder->get()
#4 C:\xampp\htdocs\univia\system\Validation\StrictRules\Rules.php(187): CodeIgniter\Validation\Rules->is_unique('bonizzzzzzz@mai...', 'usuario.correo', Array)
#5 C:\xampp\htdocs\univia\system\Validation\Validation.php(345): CodeIgniter\Validation\StrictRules\Rules->is_unique('bonizzzzzzz@mai...', 'usuario.correo', Array, NULL, 'correo')
#6 C:\xampp\htdocs\univia\system\Validation\Validation.php(210): CodeIgniter\Validation\Validation->processRules('correo', 'correo', 'bonizzzzzzz@mai...', Array, Array, 'correo')
#7 C:\xampp\htdocs\univia\system\Controller.php(136): CodeIgniter\Validation\Validation->run()
#8 C:\xampp\htdocs\univia\app\Controllers\AuthController.php(137): CodeIgniter\Controller->validate(Array)
#9 C:\xampp\htdocs\univia\system\CodeIgniter.php(951): App\Controllers\AuthController->procesar_registro()
#10 C:\xampp\htdocs\univia\system\CodeIgniter.php(497): CodeIgniter\CodeIgniter->runController(Object(App\Controllers\AuthController))
#11 C:\xampp\htdocs\univia\system\CodeIgniter.php(340): CodeIgniter\CodeIgniter->handleRequest(NULL, Object(Config\Cache), false)
#12 C:\xampp\htdocs\univia\system\Boot.php(417): CodeIgniter\CodeIgniter->run()
#13 C:\xampp\htdocs\univia\system\Boot.php(68): CodeIgniter\Boot::runCodeIgniter(Object(CodeIgniter\CodeIgniter))
#14 C:\xampp\htdocs\univia\index.php(59): CodeIgniter\Boot::bootWeb(Object(Config\Paths))
#15 {main}
CRITICAL - 2026-05-21 19:50:23 --> CodeIgniter\Database\Exceptions\DatabaseException: Unable to connect to the database.
Main connection [MySQLi]: No se puede establecer una conexión ya que el equipo de destino denegó expresamente dicha conexión
[Method: POST, Route: auth/procesar_registro]
in SYSTEMPATH\Database\BaseConnection.php on line 606.
 1 SYSTEMPATH\Database\BaseConnection.php(795): CodeIgniter\Database\BaseConnection->initialize()
 2 SYSTEMPATH\Database\BaseBuilder.php(1649): CodeIgniter\Database\BaseConnection->query('SELECT 1
FROM `usuario`
WHERE `correo` = :correo:
 LIMIT 1', [...], false)
 3 SYSTEMPATH\Validation\Rules.php(175): CodeIgniter\Database\BaseBuilder->get()
 4 SYSTEMPATH\Validation\StrictRules\Rules.php(187): CodeIgniter\Validation\Rules->is_unique('bonizzzzzzz@mail.com', 'usuario.correo', [...])
 5 SYSTEMPATH\Validation\Validation.php(345): CodeIgniter\Validation\StrictRules\Rules->is_unique('bonizzzzzzz@mail.com', 'usuario.correo', [...], null, 'correo')
 6 SYSTEMPATH\Validation\Validation.php(210): CodeIgniter\Validation\Validation->processRules('correo', 'correo', 'bonizzzzzzz@mail.com', [...], [...], 'correo')
 7 SYSTEMPATH\Controller.php(136): CodeIgniter\Validation\Validation->run()
 8 APPPATH\Controllers\AuthController.php(137): CodeIgniter\Controller->validate([...])
 9 SYSTEMPATH\CodeIgniter.php(951): App\Controllers\AuthController->procesar_registro()
10 SYSTEMPATH\CodeIgniter.php(497): CodeIgniter\CodeIgniter->runController(Object(App\Controllers\AuthController))
11 SYSTEMPATH\CodeIgniter.php(340): CodeIgniter\CodeIgniter->handleRequest(null, Object(Config\Cache), false)
12 SYSTEMPATH\Boot.php(417): CodeIgniter\CodeIgniter->run()
13 SYSTEMPATH\Boot.php(68): CodeIgniter\Boot::runCodeIgniter(Object(CodeIgniter\CodeIgniter))
14 FCPATH\index.php(59): CodeIgniter\Boot::bootWeb(Object(Config\Paths))
ERROR - 2026-05-21 19:50:24 --> Error connecting to the database: mysqli_sql_exception: No se puede establecer una conexión ya que el equipo de destino denegó expresamente dicha conexión in C:\xampp\htdocs\univia\system\Database\MySQLi\Connection.php:201
Stack trace:
#0 C:\xampp\htdocs\univia\system\Database\MySQLi\Connection.php(201): mysqli->real_connect('localhost', 'root', Object(SensitiveParameterValue), 'univia_db', 3306, '', 0)
#1 C:\xampp\htdocs\univia\system\Database\BaseConnection.php(555): CodeIgniter\Database\MySQLi\Connection->connect(false)
#2 C:\xampp\htdocs\univia\system\Database\BaseConnection.php(795): CodeIgniter\Database\BaseConnection->initialize()
#3 C:\xampp\htdocs\univia\system\Database\BaseBuilder.php(1649): CodeIgniter\Database\BaseConnection->query('SELECT 1\nFROM `...', Array, false)
#4 C:\xampp\htdocs\univia\system\Validation\Rules.php(175): CodeIgniter\Database\BaseBuilder->get()
#5 C:\xampp\htdocs\univia\system\Validation\StrictRules\Rules.php(187): CodeIgniter\Validation\Rules->is_unique('bonizzzzzzz@mai...', 'usuario.correo', Array)
#6 C:\xampp\htdocs\univia\system\Validation\Validation.php(345): CodeIgniter\Validation\StrictRules\Rules->is_unique('bonizzzzzzz@mai...', 'usuario.correo', Array, NULL, 'correo')
#7 C:\xampp\htdocs\univia\system\Validation\Validation.php(210): CodeIgniter\Validation\Validation->processRules('correo', 'correo', 'bonizzzzzzz@mai...', Array, Array, 'correo')
#8 C:\xampp\htdocs\univia\system\Controller.php(136): CodeIgniter\Validation\Validation->run()
#9 C:\xampp\htdocs\univia\app\Controllers\AuthController.php(137): CodeIgniter\Controller->validate(Array)
#10 C:\xampp\htdocs\univia\system\CodeIgniter.php(951): App\Controllers\AuthController->procesar_registro()
#11 C:\xampp\htdocs\univia\system\CodeIgniter.php(497): CodeIgniter\CodeIgniter->runController(Object(App\Controllers\AuthController))
#12 C:\xampp\htdocs\univia\system\CodeIgniter.php(340): CodeIgniter\CodeIgniter->handleRequest(NULL, Object(Config\Cache), false)
#13 C:\xampp\htdocs\univia\system\Boot.php(417): CodeIgniter\CodeIgniter->run()
#14 C:\xampp\htdocs\univia\system\Boot.php(68): CodeIgniter\Boot::runCodeIgniter(Object(CodeIgniter\CodeIgniter))
#15 C:\xampp\htdocs\univia\index.php(59): CodeIgniter\Boot::bootWeb(Object(Config\Paths))
#16 {main}

Next CodeIgniter\Database\Exceptions\DatabaseException: No se puede establecer una conexión ya que el equipo de destino denegó expresamente dicha conexión in C:\xampp\htdocs\univia\system\Database\MySQLi\Connection.php:231
Stack trace:
#0 C:\xampp\htdocs\univia\system\Database\BaseConnection.php(555): CodeIgniter\Database\MySQLi\Connection->connect(false)
#1 C:\xampp\htdocs\univia\system\Database\BaseConnection.php(795): CodeIgniter\Database\BaseConnection->initialize()
#2 C:\xampp\htdocs\univia\system\Database\BaseBuilder.php(1649): CodeIgniter\Database\BaseConnection->query('SELECT 1\nFROM `...', Array, false)
#3 C:\xampp\htdocs\univia\system\Validation\Rules.php(175): CodeIgniter\Database\BaseBuilder->get()
#4 C:\xampp\htdocs\univia\system\Validation\StrictRules\Rules.php(187): CodeIgniter\Validation\Rules->is_unique('bonizzzzzzz@mai...', 'usuario.correo', Array)
#5 C:\xampp\htdocs\univia\system\Validation\Validation.php(345): CodeIgniter\Validation\StrictRules\Rules->is_unique('bonizzzzzzz@mai...', 'usuario.correo', Array, NULL, 'correo')
#6 C:\xampp\htdocs\univia\system\Validation\Validation.php(210): CodeIgniter\Validation\Validation->processRules('correo', 'correo', 'bonizzzzzzz@mai...', Array, Array, 'correo')
#7 C:\xampp\htdocs\univia\system\Controller.php(136): CodeIgniter\Validation\Validation->run()
#8 C:\xampp\htdocs\univia\app\Controllers\AuthController.php(137): CodeIgniter\Controller->validate(Array)
#9 C:\xampp\htdocs\univia\system\CodeIgniter.php(951): App\Controllers\AuthController->procesar_registro()
#10 C:\xampp\htdocs\univia\system\CodeIgniter.php(497): CodeIgniter\CodeIgniter->runController(Object(App\Controllers\AuthController))
#11 C:\xampp\htdocs\univia\system\CodeIgniter.php(340): CodeIgniter\CodeIgniter->handleRequest(NULL, Object(Config\Cache), false)
#12 C:\xampp\htdocs\univia\system\Boot.php(417): CodeIgniter\CodeIgniter->run()
#13 C:\xampp\htdocs\univia\system\Boot.php(68): CodeIgniter\Boot::runCodeIgniter(Object(CodeIgniter\CodeIgniter))
#14 C:\xampp\htdocs\univia\index.php(59): CodeIgniter\Boot::bootWeb(Object(Config\Paths))
#15 {main}
CRITICAL - 2026-05-21 19:50:24 --> CodeIgniter\Database\Exceptions\DatabaseException: Unable to connect to the database.
Main connection [MySQLi]: No se puede establecer una conexión ya que el equipo de destino denegó expresamente dicha conexión
[Method: POST, Route: auth/procesar_registro]
in SYSTEMPATH\Database\BaseConnection.php on line 606.
 1 SYSTEMPATH\Database\BaseConnection.php(795): CodeIgniter\Database\BaseConnection->initialize()
 2 SYSTEMPATH\Database\BaseBuilder.php(1649): CodeIgniter\Database\BaseConnection->query('SELECT 1
FROM `usuario`
WHERE `correo` = :correo:
 LIMIT 1', [...], false)
 3 SYSTEMPATH\Validation\Rules.php(175): CodeIgniter\Database\BaseBuilder->get()
 4 SYSTEMPATH\Validation\StrictRules\Rules.php(187): CodeIgniter\Validation\Rules->is_unique('bonizzzzzzz@mail.com', 'usuario.correo', [...])
 5 SYSTEMPATH\Validation\Validation.php(345): CodeIgniter\Validation\StrictRules\Rules->is_unique('bonizzzzzzz@mail.com', 'usuario.correo', [...], null, 'correo')
 6 SYSTEMPATH\Validation\Validation.php(210): CodeIgniter\Validation\Validation->processRules('correo', 'correo', 'bonizzzzzzz@mail.com', [...], [...], 'correo')
 7 SYSTEMPATH\Controller.php(136): CodeIgniter\Validation\Validation->run()
 8 APPPATH\Controllers\AuthController.php(137): CodeIgniter\Controller->validate([...])
 9 SYSTEMPATH\CodeIgniter.php(951): App\Controllers\AuthController->procesar_registro()
10 SYSTEMPATH\CodeIgniter.php(497): CodeIgniter\CodeIgniter->runController(Object(App\Controllers\AuthController))
11 SYSTEMPATH\CodeIgniter.php(340): CodeIgniter\CodeIgniter->handleRequest(null, Object(Config\Cache), false)
12 SYSTEMPATH\Boot.php(417): CodeIgniter\CodeIgniter->run()
13 SYSTEMPATH\Boot.php(68): CodeIgniter\Boot::runCodeIgniter(Object(CodeIgniter\CodeIgniter))
14 FCPATH\index.php(59): CodeIgniter\Boot::bootWeb(Object(Config\Paths))
DEBUG - 2026-05-21 19:51:12 --> Session: Class initialized using 'CodeIgniter\Session\Handlers\FileHandler' driver.
DEBUG - 2026-05-21 19:51:15 --> Session: Class initialized using 'CodeIgniter\Session\Handlers\FileHandler' driver.
DEBUG - 2026-05-21 19:51:15 --> Session: Class initialized using 'CodeIgniter\Session\Handlers\FileHandler' driver.
DEBUG - 2026-05-21 19:51:17 --> Session: Class initialized using 'CodeIgniter\Session\Handlers\FileHandler' driver.
DEBUG - 2026-05-21 19:51:51 --> Session: Class initialized using 'CodeIgniter\Session\Handlers\FileHandler' driver.
DEBUG - 2026-05-21 19:51:52 --> Session: Class initialized using 'CodeIgniter\Session\Handlers\FileHandler' driver.
DEBUG - 2026-05-21 19:52:02 --> Session: Class initialized using 'CodeIgniter\Session\Handlers\FileHandler' driver.
DEBUG - 2026-05-21 19:52:15 --> Session: Class initialized using 'CodeIgniter\Session\Handlers\FileHandler' driver.
DEBUG - 2026-05-21 19:52:16 --> Session: Class initialized using 'CodeIgniter\Session\Handlers\FileHandler' driver.
DEBUG - 2026-05-21 19:52:36 --> Session: Class initialized using 'CodeIgniter\Session\Handlers\FileHandler' driver.
DEBUG - 2026-05-21 19:52:36 --> Session: Class initialized using 'CodeIgniter\Session\Handlers\FileHandler' driver.
DEBUG - 2026-05-21 19:55:02 --> Session: Class initialized using 'CodeIgniter\Session\Handlers\FileHandler' driver.
DEBUG - 2026-05-21 19:56:18 --> Session: Class initialized using 'CodeIgniter\Session\Handlers\FileHandler' driver.
DEBUG - 2026-05-21 19:56:18 --> Session: Class initialized using 'CodeIgniter\Session\Handlers\FileHandler' driver.
DEBUG - 2026-05-21 19:56:37 --> Session: Class initialized using 'CodeIgniter\Session\Handlers\FileHandler' driver.
DEBUG - 2026-05-21 19:56:38 --> Session: Class initialized using 'CodeIgniter\Session\Handlers\FileHandler' driver.
DEBUG - 2026-05-21 19:56:49 --> Session: Class initialized using 'CodeIgniter\Session\Handlers\FileHandler' driver.
DEBUG - 2026-05-21 20:00:09 --> Session: Class initialized using 'CodeIgniter\Session\Handlers\FileHandler' driver.
DEBUG - 2026-05-21 20:00:10 --> Session: Class initialized using 'CodeIgniter\Session\Handlers\FileHandler' driver.
